<?xml version="1.0" encoding="UTF-8"?>
<!-- Generated by org.testng.reporters.JUnitXMLReporter -->
<testsuite ignored="0" hostname="Dooby" failures="0" tests="4" name=" Car Price Test" time="68.028" errors="0" timestamp="2021-04-19T19:45:28 IST">
  <testcase classname="testcases.CarPriceTest" name="findCartest" time="17.847"/>
  <testcase classname="testcases.CarPriceTest" name="findCartest" time="22.374"/>
  <testcase classname="testcases.CarPriceTest" name="findCartest" time="12.628"/>
  <testcase classname="testcases.CarPriceTest" name="findCartest" time="12.487"/>
</testsuite> <!--  Car Price Test -->
