<?xml version="1.0" encoding="UTF-8"?>
<!-- Generated by org.testng.reporters.JUnitXMLReporter -->
<testsuite ignored="0" hostname="Dooby" failures="0" tests="4" name=" Find Car Test" time="166.741" errors="0" timestamp="2021-04-19T19:44:20 IST">
  <testcase classname="testcases.FindCarTest" name="findCartest" time="30.196"/>
  <testcase classname="testcases.FindCarTest" name="findCartest" time="86.269"/>
  <testcase classname="testcases.FindCarTest" name="findCartest" time="33.417"/>
  <testcase classname="testcases.FindCarTest" name="findCartest" time="14.116"/>
</testsuite> <!--  Find Car Test -->
