<?xml version="1.0" encoding="UTF-8"?>
<!-- Generated by org.testng.reporters.JUnitXMLReporter -->
<testsuite ignored="0" hostname="Dooby" failures="0" tests="4" name="Default test" time="58.764" errors="0" timestamp="2021-04-12T01:15:48 IST">
  <testcase classname="testcases.CarPriceTest" name="findCartest" time="14.687"/>
  <testcase classname="testcases.CarPriceTest" name="findCartest" time="13.199"/>
  <testcase classname="testcases.CarPriceTest" name="findCartest" time="14.369"/>
  <testcase classname="testcases.CarPriceTest" name="findCartest" time="13.611"/>
</testsuite> <!-- Default test -->
