<?xml version="1.0" encoding="UTF-8"?>
<testsuite xmlns:xsi="http://www.w3.org/2001/XMLSchema-instance" xsi:noNamespaceSchemaLocation="https://maven.apache.org/surefire/maven-surefire-plugin/xsd/surefire-test-report-3.0.xsd" version="3.0" name="TestSuite" time="106.539" tests="8" errors="0" skipped="0" failures="0">
  <properties>
[...]
</properties>
  <testcase name="findCartest[maruti, chrome, Y](1)" classname="testcases.FindCarTest" time="13.053">
    <system-out><![CDATA[Maruti Suzuki Cars
]]></system-out>
    <system-err><![CDATA[Starting ChromeDriver 89.0.4389.23 (61b08ee2c50024bab004e48d2b1b083cdbdac579-refs/branch-heads/4389@{#294}) on port 18400
Only local connections are allowed.
Please see https://chromedriver.chromium.org/security-considerations for suggestions on keeping ChromeDriver safe.
ChromeDriver was started successfully.
[1618296675.987][WARNING]: Deprecated chrome option is ignored: useAutomationExtension
[1618296675.987][WARNING]: Deprecated chrome option is ignored: useAutomationExtension
Apr 13, 2021 12:21:16 PM org.openqa.selenium.remote.ProtocolHandshake createSession
INFO: Detected dialect: W3C
Cannot connect to database server
]]></system-err>
  </testcase>
  <testcase name="findCartest[kia, chrome, Y](2)" classname="testcases.FindCarTest" time="11.502">
    <system-out><![CDATA[Kia Cars
]]></system-out>
    <system-err><![CDATA[Starting ChromeDriver 89.0.4389.23 (61b08ee2c50024bab004e48d2b1b083cdbdac579-refs/branch-heads/4389@{#294}) on port 6019
Only local connections are allowed.
Please see https://chromedriver.chromium.org/security-considerations for suggestions on keeping ChromeDriver safe.
ChromeDriver was started successfully.
[1618296689.293][WARNING]: Deprecated chrome option is ignored: useAutomationExtension
[1618296689.293][WARNING]: Deprecated chrome option is ignored: useAutomationExtension
Apr 13, 2021 12:21:29 PM org.openqa.selenium.remote.ProtocolHandshake createSession
INFO: Detected dialect: W3C
Cannot connect to database server
]]></system-err>
  </testcase>
  <testcase name="findCartest[hyundai, chrome, Y](3)" classname="testcases.FindCarTest" time="11.379">
    <system-out><![CDATA[Hyundai Cars
]]></system-out>
    <system-err><![CDATA[Starting ChromeDriver 89.0.4389.23 (61b08ee2c50024bab004e48d2b1b083cdbdac579-refs/branch-heads/4389@{#294}) on port 17043
Only local connections are allowed.
Please see https://chromedriver.chromium.org/security-considerations for suggestions on keeping ChromeDriver safe.
ChromeDriver was started successfully.
[1618296701.396][WARNING]: Deprecated chrome option is ignored: useAutomationExtension
[1618296701.396][WARNING]: Deprecated chrome option is ignored: useAutomationExtension
Apr 13, 2021 12:21:41 PM org.openqa.selenium.remote.ProtocolHandshake createSession
INFO: Detected dialect: W3C
Cannot connect to database server
]]></system-err>
  </testcase>
  <testcase name="findCartest[tata, chrome, Y](4)" classname="testcases.FindCarTest" time="10.682">
    <system-out><![CDATA[Tata Cars
]]></system-out>
    <system-err><![CDATA[Starting ChromeDriver 89.0.4389.23 (61b08ee2c50024bab004e48d2b1b083cdbdac579-refs/branch-heads/4389@{#294}) on port 27545
Only local connections are allowed.
Please see https://chromedriver.chromium.org/security-considerations for suggestions on keeping ChromeDriver safe.
ChromeDriver was started successfully.
[1618296713.390][WARNING]: Deprecated chrome option is ignored: useAutomationExtension
[1618296713.390][WARNING]: Deprecated chrome option is ignored: useAutomationExtension
Apr 13, 2021 12:21:53 PM org.openqa.selenium.remote.ProtocolHandshake createSession
INFO: Detected dialect: W3C
Cannot connect to database server
]]></system-err>
  </testcase>
  <testcase name="findCartest[maruti, chrome, Y](1)" classname="testcases.CarPriceTest" time="14.245">
    <system-out><![CDATA[Maruti Suzuki Cars
The Car Model is :-- Maruti Suzuki SwiftThe Car Price is :-- ₹ 5.73 Lakh
The Car Model is :-- Maruti Suzuki BalenoThe Car Price is :-- ₹ 5.88 Lakh
The Car Model is :-- Maruti Suzuki AltoThe Car Price is :-- ₹ 3.00 Lakh
The Car Model is :-- Maruti Suzuki ErtigaThe Car Price is :-- ₹ 7.69 Lakh
The Car Model is :-- Maruti Suzuki Vitara BrezzaThe Car Price is :-- ₹ 7.39 Lakh
The Car Model is :-- Maruti Suzuki DzireThe Car Price is :-- ₹ 5.94 Lakh
The Car Model is :-- Maruti Suzuki Wagon RThe Car Price is :-- ₹ 4.66 Lakh
The Car Model is :-- Maruti Suzuki CelerioThe Car Price is :-- ₹ 4.53 Lakh
The Car Model is :-- Maruti Suzuki S-PressoThe Car Price is :-- ₹ 3.71 Lakh
The Car Model is :-- Maruti Suzuki IgnisThe Car Price is :-- ₹ 4.90 Lakh
The Car Model is :-- Maruti Suzuki XL6The Car Price is :-- ₹ 9.85 Lakh
The Car Model is :-- Maruti Suzuki CiazThe Car Price is :-- ₹ 8.41 Lakh
The Car Model is :-- Maruti Suzuki EecoThe Car Price is :-- ₹ 3.98 Lakh
The Car Model is :-- Maruti Suzuki S-CrossThe Car Price is :-- ₹ 8.39 Lakh
The Car Model is :-- Maruti Suzuki Celerio XThe Car Price is :-- ₹ 4.99 Lakh
The Car Model is :-- Maruti Suzuki New-gen CelerioThe Car Price is :-- ₹ 4.50 Lakh
The Car Model is :-- Maruti Suzuki Futuro-EThe Car Price is :-- ₹ 9.00 Lakh
The Car Model is :-- Maruti Suzuki Wagon R EVThe Car Price is :-- ₹ 9.00 Lakh
The Car Model is :-- Maruti Suzuki JimnyThe Car Price is :-- ₹ 7.00 Lakh
]]></system-out>
    <system-err><![CDATA[Starting ChromeDriver 89.0.4389.23 (61b08ee2c50024bab004e48d2b1b083cdbdac579-refs/branch-heads/4389@{#294}) on port 35326
Only local connections are allowed.
Please see https://chromedriver.chromium.org/security-considerations for suggestions on keeping ChromeDriver safe.
ChromeDriver was started successfully.
[1618296725.005][WARNING]: Deprecated chrome option is ignored: useAutomationExtension
[1618296725.005][WARNING]: Deprecated chrome option is ignored: useAutomationExtension
Apr 13, 2021 12:22:05 PM org.openqa.selenium.remote.ProtocolHandshake createSession
INFO: Detected dialect: W3C
Cannot connect to database server
]]></system-err>
  </testcase>
  <testcase name="findCartest[kia, chrome, Y](2)" classname="testcases.CarPriceTest" time="11.885">
    <system-out><![CDATA[Kia Cars
The Car Model is :-- Kia SeltosThe Car Price is :-- ₹ 9.90 Lakh
The Car Model is :-- Kia SonetThe Car Price is :-- ₹ 6.79 Lakh
The Car Model is :-- Kia CarnivalThe Car Price is :-- ₹ 24.95 Lakh
The Car Model is :-- Kia RioThe Car Price is :-- ₹ 6.00 Lakh
]]></system-out>
    <system-err><![CDATA[Starting ChromeDriver 89.0.4389.23 (61b08ee2c50024bab004e48d2b1b083cdbdac579-refs/branch-heads/4389@{#294}) on port 23139
Only local connections are allowed.
Please see https://chromedriver.chromium.org/security-considerations for suggestions on keeping ChromeDriver safe.
ChromeDriver was started successfully.
[1618296739.754][WARNING]: Deprecated chrome option is ignored: useAutomationExtension
[1618296739.754][WARNING]: Deprecated chrome option is ignored: useAutomationExtension
Apr 13, 2021 12:22:20 PM org.openqa.selenium.remote.ProtocolHandshake createSession
INFO: Detected dialect: W3C
Cannot connect to database server
]]></system-err>
  </testcase>
  <testcase name="findCartest[hyundai, chrome, Y](3)" classname="testcases.CarPriceTest" time="12.866">
    <system-out><![CDATA[Hyundai Cars
The Car Model is :-- Hyundai CretaThe Car Price is :-- ₹ 10.00 Lakh
The Car Model is :-- Hyundai VenueThe Car Price is :-- ₹ 6.87 Lakh
The Car Model is :-- Hyundai i20The Car Price is :-- ₹ 6.80 Lakh
The Car Model is :-- Hyundai Grand i10 NiosThe Car Price is :-- ₹ 5.19 Lakh
The Car Model is :-- Hyundai VernaThe Car Price is :-- ₹ 9.11 Lakh
The Car Model is :-- Hyundai AuraThe Car Price is :-- ₹ 5.92 Lakh
The Car Model is :-- Hyundai SantroThe Car Price is :-- ₹ 4.68 Lakh
The Car Model is :-- Hyundai ElantraThe Car Price is :-- ₹ 17.84 Lakh
The Car Model is :-- Hyundai TucsonThe Car Price is :-- ₹ 22.56 Lakh
The Car Model is :-- Hyundai Kona ElectricThe Car Price is :-- ₹ 23.78 Lakh
The Car Model is :-- Hyundai AlcazarThe Car Price is :-- ₹ 15.00 Lakh
The Car Model is :-- Hyundai New ElantraThe Car Price is :-- ₹ 16.00 Lakh
The Car Model is :-- Hyundai New KonaThe Car Price is :-- ₹ 23.00 Lakh
The Car Model is :-- Hyundai AX1 micro-SUVThe Car Price is :-- ₹ 4.00 Lakh
]]></system-out>
    <system-err><![CDATA[Starting ChromeDriver 89.0.4389.23 (61b08ee2c50024bab004e48d2b1b083cdbdac579-refs/branch-heads/4389@{#294}) on port 2796
Only local connections are allowed.
Please see https://chromedriver.chromium.org/security-considerations for suggestions on keeping ChromeDriver safe.
ChromeDriver was started successfully.
[1618296752.224][WARNING]: Deprecated chrome option is ignored: useAutomationExtension
[1618296752.224][WARNING]: Deprecated chrome option is ignored: useAutomationExtension
Apr 13, 2021 12:22:32 PM org.openqa.selenium.remote.ProtocolHandshake createSession
INFO: Detected dialect: W3C
Cannot connect to database server
]]></system-err>
  </testcase>
  <testcase name="findCartest[tata, chrome, Y](4)" classname="testcases.CarPriceTest" time="14.108">
    <system-out><![CDATA[Tata Cars
The Car Model is :-- Tata NexonThe Car Price is :-- ₹ 7.10 Lakh
The Car Model is :-- Tata SafariThe Car Price is :-- ₹ 14.70 Lakh
The Car Model is :-- Tata AltrozThe Car Price is :-- ₹ 5.69 Lakh
The Car Model is :-- Tata TiagoThe Car Price is :-- ₹ 4.85 Lakh
The Car Model is :-- Tata HarrierThe Car Price is :-- ₹ 14.00 Lakh
The Car Model is :-- Tata TigorThe Car Price is :-- ₹ 5.50 Lakh
The Car Model is :-- Tata Nexon EVThe Car Price is :-- ₹ 13.99 Lakh
The Car Model is :-- Tata Tigor EVThe Car Price is :-- ₹ 10.58 Lakh
The Car Model is :-- Tata HBXThe Car Price is :-- ₹ 5.00 Lakh
The Car Model is :-- Tata Tiago EVThe Car Price is :-- ₹ 5.00 Lakh
The Car Model is :-- Tata Tigor EV FaceliftThe Car Price is :-- ₹ 9.50 Lakh
The Car Model is :-- Tata Altroz EVThe Car Price is :-- ₹ 12.00 Lakh
]]></system-out>
    <system-err><![CDATA[Starting ChromeDriver 89.0.4389.23 (61b08ee2c50024bab004e48d2b1b083cdbdac579-refs/branch-heads/4389@{#294}) on port 18157
Only local connections are allowed.
Please see https://chromedriver.chromium.org/security-considerations for suggestions on keeping ChromeDriver safe.
ChromeDriver was started successfully.
[1618296766.312][WARNING]: Deprecated chrome option is ignored: useAutomationExtension
[1618296766.312][WARNING]: Deprecated chrome option is ignored: useAutomationExtension
Apr 13, 2021 12:22:46 PM org.openqa.selenium.remote.ProtocolHandshake createSession
INFO: Detected dialect: W3C
Cannot connect to database server
]]></system-err>
  </testcase>
</testsuite>