<?xml version="1.0" encoding="UTF-8"?>
<testng-results ignored="0" total="8" passed="8" failed="0" skipped="0">
  <reporter-output>
  </reporter-output>
  <suite started-at="2021-04-13T12:21:15 IST" name="Data Driven Test" finished-at="2021-04-13T12:23:00 IST" duration-ms="105459">
    <groups>
    </groups>
    <test started-at="2021-04-13T12:21:15 IST" name=" Find Car Test" finished-at="2021-04-13T12:22:04 IST" duration-ms="49147">
      <class name="testcases.FindCarTest">
        <test-method signature="findCartest(java.lang.String,java.lang.String,java.lang.String)[pri:0, instance:testcases.FindCarTest@333dd51e]" started-at="2021-04-13T12:21:15 IST" name="findCartest" data-provider="podu" finished-at="2021-04-13T12:21:28 IST" duration-ms="12980" status="PASS">
          <params>
            <param index="0">
              <value>
                <![CDATA[maruti]]>
              </value>
            </param>
            <param index="1">
              <value>
                <![CDATA[chrome]]>
              </value>
            </param>
            <param index="2">
              <value>
                <![CDATA[Y]]>
              </value>
            </param>
          </params>
          <reporter-output>
          </reporter-output>
        </test-method> <!-- findCartest -->
        <test-method is-config="true" signature="tearDown()[pri:0, instance:testcases.FindCarTest@333dd51e]" started-at="2021-04-13T12:21:28 IST" name="tearDown" finished-at="2021-04-13T12:21:28 IST" duration-ms="689" status="PASS">
          <reporter-output>
          </reporter-output>
        </test-method> <!-- tearDown -->
        <test-method signature="findCartest(java.lang.String,java.lang.String,java.lang.String)[pri:0, instance:testcases.FindCarTest@333dd51e]" started-at="2021-04-13T12:21:28 IST" name="findCartest" data-provider="podu" finished-at="2021-04-13T12:21:40 IST" duration-ms="11430" status="PASS">
          <params>
            <param index="0">
              <value>
                <![CDATA[kia]]>
              </value>
            </param>
            <param index="1">
              <value>
                <![CDATA[chrome]]>
              </value>
            </param>
            <param index="2">
              <value>
                <![CDATA[Y]]>
              </value>
            </param>
          </params>
          <reporter-output>
          </reporter-output>
        </test-method> <!-- findCartest -->
        <test-method is-config="true" signature="tearDown()[pri:0, instance:testcases.FindCarTest@333dd51e]" started-at="2021-04-13T12:21:40 IST" name="tearDown" finished-at="2021-04-13T12:21:40 IST" duration-ms="686" status="PASS">
          <reporter-output>
          </reporter-output>
        </test-method> <!-- tearDown -->
        <test-method signature="findCartest(java.lang.String,java.lang.String,java.lang.String)[pri:0, instance:testcases.FindCarTest@333dd51e]" started-at="2021-04-13T12:21:40 IST" name="findCartest" data-provider="podu" finished-at="2021-04-13T12:21:52 IST" duration-ms="11313" status="PASS">
          <params>
            <param index="0">
              <value>
                <![CDATA[hyundai]]>
              </value>
            </param>
            <param index="1">
              <value>
                <![CDATA[chrome]]>
              </value>
            </param>
            <param index="2">
              <value>
                <![CDATA[Y]]>
              </value>
            </param>
          </params>
          <reporter-output>
          </reporter-output>
        </test-method> <!-- findCartest -->
        <test-method is-config="true" signature="tearDown()[pri:0, instance:testcases.FindCarTest@333dd51e]" started-at="2021-04-13T12:21:52 IST" name="tearDown" finished-at="2021-04-13T12:21:52 IST" duration-ms="671" status="PASS">
          <reporter-output>
          </reporter-output>
        </test-method> <!-- tearDown -->
        <test-method signature="findCartest(java.lang.String,java.lang.String,java.lang.String)[pri:0, instance:testcases.FindCarTest@333dd51e]" started-at="2021-04-13T12:21:52 IST" name="findCartest" data-provider="podu" finished-at="2021-04-13T12:22:03 IST" duration-ms="10602" status="PASS">
          <params>
            <param index="0">
              <value>
                <![CDATA[tata]]>
              </value>
            </param>
            <param index="1">
              <value>
                <![CDATA[chrome]]>
              </value>
            </param>
            <param index="2">
              <value>
                <![CDATA[Y]]>
              </value>
            </param>
          </params>
          <reporter-output>
          </reporter-output>
        </test-method> <!-- findCartest -->
        <test-method is-config="true" signature="tearDown()[pri:0, instance:testcases.FindCarTest@333dd51e]" started-at="2021-04-13T12:22:03 IST" name="tearDown" finished-at="2021-04-13T12:22:04 IST" duration-ms="702" status="PASS">
          <reporter-output>
          </reporter-output>
        </test-method> <!-- tearDown -->
      </class> <!-- testcases.FindCarTest -->
    </test> <!--  Find Car Test -->
    <test started-at="2021-04-13T12:22:04 IST" name=" Car Price Test" finished-at="2021-04-13T12:23:00 IST" duration-ms="56041">
      <class name="testcases.CarPriceTest">
        <test-method signature="findCartest(java.lang.String,java.lang.String,java.lang.String)[pri:0, instance:testcases.CarPriceTest@1c3146bc]" started-at="2021-04-13T12:22:04 IST" name="findCartest" data-provider="podu" finished-at="2021-04-13T12:22:18 IST" duration-ms="14062" status="PASS">
          <params>
            <param index="0">
              <value>
                <![CDATA[maruti]]>
              </value>
            </param>
            <param index="1">
              <value>
                <![CDATA[chrome]]>
              </value>
            </param>
            <param index="2">
              <value>
                <![CDATA[Y]]>
              </value>
            </param>
          </params>
          <reporter-output>
          </reporter-output>
        </test-method> <!-- findCartest -->
        <test-method is-config="true" signature="tearDown()[pri:0, instance:testcases.CarPriceTest@1c3146bc]" started-at="2021-04-13T12:22:18 IST" name="tearDown" finished-at="2021-04-13T12:22:19 IST" duration-ms="682" status="PASS">
          <reporter-output>
          </reporter-output>
        </test-method> <!-- tearDown -->
        <test-method signature="findCartest(java.lang.String,java.lang.String,java.lang.String)[pri:0, instance:testcases.CarPriceTest@1c3146bc]" started-at="2021-04-13T12:22:19 IST" name="findCartest" data-provider="podu" finished-at="2021-04-13T12:22:31 IST" duration-ms="11790" status="PASS">
          <params>
            <param index="0">
              <value>
                <![CDATA[kia]]>
              </value>
            </param>
            <param index="1">
              <value>
                <![CDATA[chrome]]>
              </value>
            </param>
            <param index="2">
              <value>
                <![CDATA[Y]]>
              </value>
            </param>
          </params>
          <reporter-output>
          </reporter-output>
        </test-method> <!-- findCartest -->
        <test-method is-config="true" signature="tearDown()[pri:0, instance:testcases.CarPriceTest@1c3146bc]" started-at="2021-04-13T12:22:31 IST" name="tearDown" finished-at="2021-04-13T12:22:31 IST" duration-ms="699" status="PASS">
          <reporter-output>
          </reporter-output>
        </test-method> <!-- tearDown -->
        <test-method signature="findCartest(java.lang.String,java.lang.String,java.lang.String)[pri:0, instance:testcases.CarPriceTest@1c3146bc]" started-at="2021-04-13T12:22:31 IST" name="findCartest" data-provider="podu" finished-at="2021-04-13T12:22:44 IST" duration-ms="12733" status="PASS">
          <params>
            <param index="0">
              <value>
                <![CDATA[hyundai]]>
              </value>
            </param>
            <param index="1">
              <value>
                <![CDATA[chrome]]>
              </value>
            </param>
            <param index="2">
              <value>
                <![CDATA[Y]]>
              </value>
            </param>
          </params>
          <reporter-output>
          </reporter-output>
        </test-method> <!-- findCartest -->
        <test-method is-config="true" signature="tearDown()[pri:0, instance:testcases.CarPriceTest@1c3146bc]" started-at="2021-04-13T12:22:44 IST" name="tearDown" finished-at="2021-04-13T12:22:45 IST" duration-ms="1355" status="PASS">
          <reporter-output>
          </reporter-output>
        </test-method> <!-- tearDown -->
        <test-method signature="findCartest(java.lang.String,java.lang.String,java.lang.String)[pri:0, instance:testcases.CarPriceTest@1c3146bc]" started-at="2021-04-13T12:22:45 IST" name="findCartest" data-provider="podu" finished-at="2021-04-13T12:22:59 IST" duration-ms="13976" status="PASS">
          <params>
            <param index="0">
              <value>
                <![CDATA[tata]]>
              </value>
            </param>
            <param index="1">
              <value>
                <![CDATA[chrome]]>
              </value>
            </param>
            <param index="2">
              <value>
                <![CDATA[Y]]>
              </value>
            </param>
          </params>
          <reporter-output>
          </reporter-output>
        </test-method> <!-- findCartest -->
        <test-method is-config="true" signature="tearDown()[pri:0, instance:testcases.CarPriceTest@1c3146bc]" started-at="2021-04-13T12:22:59 IST" name="tearDown" finished-at="2021-04-13T12:23:00 IST" duration-ms="706" status="PASS">
          <reporter-output>
          </reporter-output>
        </test-method> <!-- tearDown -->
      </class> <!-- testcases.CarPriceTest -->
    </test> <!--  Car Price Test -->
  </suite> <!-- Data Driven Test -->
</testng-results>
