<?xml version="1.0" encoding="UTF-8"?>
<!-- Generated by org.testng.reporters.JUnitXMLReporter -->
<testsuite ignored="0" hostname="Dooby" failures="0" tests="4" name=" Car Price Test" time="59.137" errors="0" timestamp="2021-04-13T13:07:36 IST">
  <testcase classname="testcases.CarPriceTest" name="findCartest" time="14.627"/>
  <testcase classname="testcases.CarPriceTest" name="findCartest" time="13.102"/>
  <testcase classname="testcases.CarPriceTest" name="findCartest" time="13.965"/>
  <testcase classname="testcases.CarPriceTest" name="findCartest" time="14.664"/>
</testsuite> <!--  Car Price Test -->
