<?xml version="1.0" encoding="UTF-8"?>
<!-- Generated by org.testng.reporters.JUnitXMLReporter -->
<testsuite ignored="0" hostname="Dooby" failures="0" tests="4" name=" Car Price Test" time="56.041" errors="0" timestamp="2021-04-13T12:23:00 IST">
  <testcase classname="testcases.CarPriceTest" name="findCartest" time="14.062"/>
  <testcase classname="testcases.CarPriceTest" name="findCartest" time="11.79"/>
  <testcase classname="testcases.CarPriceTest" name="findCartest" time="12.733"/>
  <testcase classname="testcases.CarPriceTest" name="findCartest" time="13.976"/>
</testsuite> <!--  Car Price Test -->
