<?xml version="1.0" encoding="UTF-8"?>
<!-- Generated by org.testng.reporters.JUnitXMLReporter -->
<testsuite ignored="0" hostname="Dooby" failures="0" tests="4" name=" Find Car Test" time="53.608" errors="0" timestamp="2021-04-13T13:06:37 IST">
  <testcase classname="testcases.FindCarTest" name="findCartest" time="13.68"/>
  <testcase classname="testcases.FindCarTest" name="findCartest" time="11.381"/>
  <testcase classname="testcases.FindCarTest" name="findCartest" time="11.682"/>
  <testcase classname="testcases.FindCarTest" name="findCartest" time="13.346"/>
</testsuite> <!--  Find Car Test -->
