<?xml version="1.0" encoding="UTF-8"?>
<!-- Generated by org.testng.reporters.JUnitXMLReporter -->
<testsuite ignored="0" hostname="Dooby" failures="0" tests="4" name=" Find Car Test" time="49.147" errors="0" timestamp="2021-04-13T12:22:04 IST">
  <testcase classname="testcases.FindCarTest" name="findCartest" time="12.98"/>
  <testcase classname="testcases.FindCarTest" name="findCartest" time="11.43"/>
  <testcase classname="testcases.FindCarTest" name="findCartest" time="11.313"/>
  <testcase classname="testcases.FindCarTest" name="findCartest" time="10.602"/>
</testsuite> <!--  Find Car Test -->
