<?xml version="1.0" encoding="UTF-8"?>
<testng-results ignored="0" total="8" passed="8" failed="0" skipped="0">
  <reporter-output>
  </reporter-output>
  <suite started-at="2021-04-12T17:27:00 IST" name="Data Driven Test" finished-at="2021-04-12T17:28:43 IST" duration-ms="103541">
    <groups>
    </groups>
    <test started-at="2021-04-12T17:27:00 IST" name=" Find Car Test" finished-at="2021-04-12T17:27:48 IST" duration-ms="47867">
      <class name="testcases.FindCarTest">
        <test-method signature="findCartest(java.lang.String,java.lang.String,java.lang.String)[pri:0, instance:testcases.FindCarTest@7c098bb3]" started-at="2021-04-12T17:27:00 IST" name="findCartest" data-provider="podu" finished-at="2021-04-12T17:27:12 IST" duration-ms="11713" status="PASS">
          <params>
            <param index="0">
              <value>
                <![CDATA[maruti]]>
              </value>
            </param>
            <param index="1">
              <value>
                <![CDATA[chrome]]>
              </value>
            </param>
            <param index="2">
              <value>
                <![CDATA[Y]]>
              </value>
            </param>
          </params>
          <reporter-output>
          </reporter-output>
        </test-method> <!-- findCartest -->
        <test-method is-config="true" signature="tearDown()[pri:0, instance:testcases.FindCarTest@7c098bb3]" started-at="2021-04-12T17:27:12 IST" name="tearDown" finished-at="2021-04-12T17:27:12 IST" duration-ms="667" status="PASS">
          <reporter-output>
          </reporter-output>
        </test-method> <!-- tearDown -->
        <test-method signature="findCartest(java.lang.String,java.lang.String,java.lang.String)[pri:0, instance:testcases.FindCarTest@7c098bb3]" started-at="2021-04-12T17:27:12 IST" name="findCartest" data-provider="podu" finished-at="2021-04-12T17:27:23 IST" duration-ms="10940" status="PASS">
          <params>
            <param index="0">
              <value>
                <![CDATA[kia]]>
              </value>
            </param>
            <param index="1">
              <value>
                <![CDATA[chrome]]>
              </value>
            </param>
            <param index="2">
              <value>
                <![CDATA[Y]]>
              </value>
            </param>
          </params>
          <reporter-output>
          </reporter-output>
        </test-method> <!-- findCartest -->
        <test-method is-config="true" signature="tearDown()[pri:0, instance:testcases.FindCarTest@7c098bb3]" started-at="2021-04-12T17:27:23 IST" name="tearDown" finished-at="2021-04-12T17:27:24 IST" duration-ms="701" status="PASS">
          <reporter-output>
          </reporter-output>
        </test-method> <!-- tearDown -->
        <test-method signature="findCartest(java.lang.String,java.lang.String,java.lang.String)[pri:0, instance:testcases.FindCarTest@7c098bb3]" started-at="2021-04-12T17:27:24 IST" name="findCartest" data-provider="podu" finished-at="2021-04-12T17:27:35 IST" duration-ms="11123" status="PASS">
          <params>
            <param index="0">
              <value>
                <![CDATA[hyundai]]>
              </value>
            </param>
            <param index="1">
              <value>
                <![CDATA[chrome]]>
              </value>
            </param>
            <param index="2">
              <value>
                <![CDATA[Y]]>
              </value>
            </param>
          </params>
          <reporter-output>
          </reporter-output>
        </test-method> <!-- findCartest -->
        <test-method is-config="true" signature="tearDown()[pri:0, instance:testcases.FindCarTest@7c098bb3]" started-at="2021-04-12T17:27:35 IST" name="tearDown" finished-at="2021-04-12T17:27:36 IST" duration-ms="691" status="PASS">
          <reporter-output>
          </reporter-output>
        </test-method> <!-- tearDown -->
        <test-method signature="findCartest(java.lang.String,java.lang.String,java.lang.String)[pri:0, instance:testcases.FindCarTest@7c098bb3]" started-at="2021-04-12T17:27:36 IST" name="findCartest" data-provider="podu" finished-at="2021-04-12T17:27:47 IST" duration-ms="11216" status="PASS">
          <params>
            <param index="0">
              <value>
                <![CDATA[tata]]>
              </value>
            </param>
            <param index="1">
              <value>
                <![CDATA[chrome]]>
              </value>
            </param>
            <param index="2">
              <value>
                <![CDATA[Y]]>
              </value>
            </param>
          </params>
          <reporter-output>
          </reporter-output>
        </test-method> <!-- findCartest -->
        <test-method is-config="true" signature="tearDown()[pri:0, instance:testcases.FindCarTest@7c098bb3]" started-at="2021-04-12T17:27:47 IST" name="tearDown" finished-at="2021-04-12T17:27:48 IST" duration-ms="727" status="PASS">
          <reporter-output>
          </reporter-output>
        </test-method> <!-- tearDown -->
      </class> <!-- testcases.FindCarTest -->
    </test> <!--  Find Car Test -->
    <test started-at="2021-04-12T17:27:48 IST" name=" Car Price Test" finished-at="2021-04-12T17:28:43 IST" duration-ms="55221">
      <class name="testcases.CarPriceTest">
        <test-method signature="findCartest(java.lang.String,java.lang.String,java.lang.String)[pri:0, instance:testcases.CarPriceTest@2313052e]" started-at="2021-04-12T17:27:48 IST" name="findCartest" data-provider="podu" finished-at="2021-04-12T17:28:03 IST" duration-ms="14471" status="PASS">
          <params>
            <param index="0">
              <value>
                <![CDATA[maruti]]>
              </value>
            </param>
            <param index="1">
              <value>
                <![CDATA[chrome]]>
              </value>
            </param>
            <param index="2">
              <value>
                <![CDATA[Y]]>
              </value>
            </param>
          </params>
          <reporter-output>
          </reporter-output>
        </test-method> <!-- findCartest -->
        <test-method is-config="true" signature="tearDown()[pri:0, instance:testcases.CarPriceTest@2313052e]" started-at="2021-04-12T17:28:03 IST" name="tearDown" finished-at="2021-04-12T17:28:03 IST" duration-ms="683" status="PASS">
          <reporter-output>
          </reporter-output>
        </test-method> <!-- tearDown -->
        <test-method signature="findCartest(java.lang.String,java.lang.String,java.lang.String)[pri:0, instance:testcases.CarPriceTest@2313052e]" started-at="2021-04-12T17:28:03 IST" name="findCartest" data-provider="podu" finished-at="2021-04-12T17:28:15 IST" duration-ms="11498" status="PASS">
          <params>
            <param index="0">
              <value>
                <![CDATA[kia]]>
              </value>
            </param>
            <param index="1">
              <value>
                <![CDATA[chrome]]>
              </value>
            </param>
            <param index="2">
              <value>
                <![CDATA[Y]]>
              </value>
            </param>
          </params>
          <reporter-output>
          </reporter-output>
        </test-method> <!-- findCartest -->
        <test-method is-config="true" signature="tearDown()[pri:0, instance:testcases.CarPriceTest@2313052e]" started-at="2021-04-12T17:28:15 IST" name="tearDown" finished-at="2021-04-12T17:28:16 IST" duration-ms="1131" status="PASS">
          <reporter-output>
          </reporter-output>
        </test-method> <!-- tearDown -->
        <test-method signature="findCartest(java.lang.String,java.lang.String,java.lang.String)[pri:0, instance:testcases.CarPriceTest@2313052e]" started-at="2021-04-12T17:28:16 IST" name="findCartest" data-provider="podu" finished-at="2021-04-12T17:28:29 IST" duration-ms="13333" status="PASS">
          <params>
            <param index="0">
              <value>
                <![CDATA[hyundai]]>
              </value>
            </param>
            <param index="1">
              <value>
                <![CDATA[chrome]]>
              </value>
            </param>
            <param index="2">
              <value>
                <![CDATA[Y]]>
              </value>
            </param>
          </params>
          <reporter-output>
          </reporter-output>
        </test-method> <!-- findCartest -->
        <test-method is-config="true" signature="tearDown()[pri:0, instance:testcases.CarPriceTest@2313052e]" started-at="2021-04-12T17:28:29 IST" name="tearDown" finished-at="2021-04-12T17:28:30 IST" duration-ms="692" status="PASS">
          <reporter-output>
          </reporter-output>
        </test-method> <!-- tearDown -->
        <test-method signature="findCartest(java.lang.String,java.lang.String,java.lang.String)[pri:0, instance:testcases.CarPriceTest@2313052e]" started-at="2021-04-12T17:28:30 IST" name="findCartest" data-provider="podu" finished-at="2021-04-12T17:28:42 IST" duration-ms="12209" status="PASS">
          <params>
            <param index="0">
              <value>
                <![CDATA[tata]]>
              </value>
            </param>
            <param index="1">
              <value>
                <![CDATA[chrome]]>
              </value>
            </param>
            <param index="2">
              <value>
                <![CDATA[Y]]>
              </value>
            </param>
          </params>
          <reporter-output>
          </reporter-output>
        </test-method> <!-- findCartest -->
        <test-method is-config="true" signature="tearDown()[pri:0, instance:testcases.CarPriceTest@2313052e]" started-at="2021-04-12T17:28:42 IST" name="tearDown" finished-at="2021-04-12T17:28:43 IST" duration-ms="1159" status="PASS">
          <reporter-output>
          </reporter-output>
        </test-method> <!-- tearDown -->
      </class> <!-- testcases.CarPriceTest -->
    </test> <!--  Car Price Test -->
  </suite> <!-- Data Driven Test -->
</testng-results>
